2019-02-26 17:04:34.818  INFO 21144 --- [main] c.d.anymock.web.runner.AnyMockWebRunner  : Starting AnyMockWebRunner on BDSYHF124128DXM with PID 21144 (C:\Users\lizhenxi01\Desktop\dxm\open-source\anymock\web\runner\target\classes started by lizhenxi_dxm in C:\Users\lizhenxi01\Desktop\dxm\open-source\anymock)
2019-02-26 17:04:34.823  INFO 21144 --- [main] c.d.anymock.web.runner.AnyMockWebRunner  : No active profile set, falling back to default profiles: default
2019-02-26 17:04:35.918  INFO 21144 --- [main] .s.d.r.c.RepositoryConfigurationDelegate : Multiple Spring Data modules found, entering strict repository configuration mode!
2019-02-26 17:04:35.922  INFO 21144 --- [main] .s.d.r.c.RepositoryConfigurationDelegate : Bootstrapping Spring Data repositories in DEFAULT mode.
2019-02-26 17:04:35.956  INFO 21144 --- [main] .s.d.r.c.RepositoryConfigurationDelegate : Finished Spring Data repository scanning in 17ms. Found 0 repository interfaces.
2019-02-26 17:04:36.389  INFO 21144 --- [main] trationDelegate$BeanPostProcessorChecker : Bean 'org.springframework.transaction.annotation.ProxyTransactionManagementConfiguration' of type [org.springframework.transaction.annotation.ProxyTransactionManagementConfiguration$$EnhancerBySpringCGLIB$$8cb5c2bc] is not eligible for getting processed by all BeanPostProcessors (for example: not eligible for auto-proxying)
2019-02-26 17:04:36.414  INFO 21144 --- [main] trationDelegate$BeanPostProcessorChecker : Bean 'org.springframework.boot.autoconfigure.jdbc.DataSourceConfiguration$Hikari' of type [org.springframework.boot.autoconfigure.jdbc.DataSourceConfiguration$Hikari] is not eligible for getting processed by all BeanPostProcessors (for example: not eligible for auto-proxying)
2019-02-26 17:04:36.443  INFO 21144 --- [main] trationDelegate$BeanPostProcessorChecker : Bean 'spring.datasource-org.springframework.boot.autoconfigure.jdbc.DataSourceProperties' of type [org.springframework.boot.autoconfigure.jdbc.DataSourceProperties] is not eligible for getting processed by all BeanPostProcessors (for example: not eligible for auto-proxying)
2019-02-26 17:04:36.481  INFO 21144 --- [main] trationDelegate$BeanPostProcessorChecker : Bean 'dataSource' of type [com.zaxxer.hikari.HikariDataSource] is not eligible for getting processed by all BeanPostProcessors (for example: not eligible for auto-proxying)
2019-02-26 17:04:36.497  INFO 21144 --- [main] trationDelegate$BeanPostProcessorChecker : Bean 'org.springframework.boot.autoconfigure.jdbc.DataSourceInitializerInvoker' of type [org.springframework.boot.autoconfigure.jdbc.DataSourceInitializerInvoker] is not eligible for getting processed by all BeanPostProcessors (for example: not eligible for auto-proxying)
2019-02-26 17:04:36.506  INFO 21144 --- [main] trationDelegate$BeanPostProcessorChecker : Bean 'spring.redis-org.springframework.boot.autoconfigure.data.redis.RedisProperties' of type [org.springframework.boot.autoconfigure.data.redis.RedisProperties] is not eligible for getting processed by all BeanPostProcessors (for example: not eligible for auto-proxying)
2019-02-26 17:04:36.509  INFO 21144 --- [main] trationDelegate$BeanPostProcessorChecker : Bean 'org.springframework.boot.autoconfigure.data.redis.LettuceConnectionConfiguration' of type [org.springframework.boot.autoconfigure.data.redis.LettuceConnectionConfiguration$$EnhancerBySpringCGLIB$$a1cf8106] is not eligible for getting processed by all BeanPostProcessors (for example: not eligible for auto-proxying)
2019-02-26 17:04:36.685  INFO 21144 --- [main] trationDelegate$BeanPostProcessorChecker : Bean 'lettuceClientResources' of type [io.lettuce.core.resource.DefaultClientResources] is not eligible for getting processed by all BeanPostProcessors (for example: not eligible for auto-proxying)
2019-02-26 17:04:36.773  INFO 21144 --- [main] trationDelegate$BeanPostProcessorChecker : Bean 'redisConnectionFactory' of type [org.springframework.data.redis.connection.lettuce.LettuceConnectionFactory] is not eligible for getting processed by all BeanPostProcessors (for example: not eligible for auto-proxying)
2019-02-26 17:04:36.774  INFO 21144 --- [main] trationDelegate$BeanPostProcessorChecker : Bean 'dalConfig' of type [com.dxm.anymock.common.dal.config.DalConfig$$EnhancerBySpringCGLIB$$67e0be4e] is not eligible for getting processed by all BeanPostProcessors (for example: not eligible for auto-proxying)
2019-02-26 17:04:36.781  INFO 21144 --- [main] trationDelegate$BeanPostProcessorChecker : Bean 'dalDigestLogger' of type [org.springframework.aop.aspectj.AspectJExpressionPointcutAdvisor] is not eligible for getting processed by all BeanPostProcessors (for example: not eligible for auto-proxying)
2019-02-26 17:04:36.782  INFO 21144 --- [main] trationDelegate$BeanPostProcessorChecker : Bean 'apiDigestLoggerConfig' of type [com.dxm.anymock.web.service.config.ApiDigestLoggerConfig$$EnhancerBySpringCGLIB$$4bc547b2] is not eligible for getting processed by all BeanPostProcessors (for example: not eligible for auto-proxying)
2019-02-26 17:04:36.839  INFO 21144 --- [main] trationDelegate$BeanPostProcessorChecker : Bean 'apiDigestLogger' of type [org.springframework.aop.aspectj.AspectJExpressionPointcutAdvisor] is not eligible for getting processed by all BeanPostProcessors (for example: not eligible for auto-proxying)
2019-02-26 17:04:37.201  INFO 21144 --- [main] o.s.b.w.embedded.tomcat.TomcatWebServer  : Tomcat initialized with port(s): 8329 (http)
2019-02-26 17:04:37.326  INFO 21144 --- [main] o.apache.catalina.core.StandardService   : Starting service [Tomcat]
2019-02-26 17:04:37.326  INFO 21144 --- [main] org.apache.catalina.core.StandardEngine  : Starting Servlet engine: [Apache Tomcat/9.0.14]
2019-02-26 17:04:37.336  INFO 21144 --- [main] o.a.catalina.core.AprLifecycleListener   : The APR based Apache Tomcat Native library which allows optimal performance in production environments was not found on the java.library.path: [C:\Program Files\Java\jdk1.8.0_201\bin;C:\WINDOWS\Sun\Java\bin;C:\WINDOWS\system32;C:\WINDOWS;C:\Program Files (x86)\Common Files\Oracle\Java\javapath;C:\Program Files\Java\jdk1.8.0_201\bin;C:\WINDOWS\system32;C:\WINDOWS;C:\WINDOWS\System32\Wbem;C:\WINDOWS\System32\WindowsPowerShell\v1.0\;C:\Program Files\PuTTY\;C:\Program Files (x86)\Common Files\Thunder Network\KanKan\Codecs;C:\Program Files\Git\cmd;C:\Program Files\apache-maven-3.5.4\bin;C:\Python27;C:\Python27\Scripts;C:\Users\lizhenxi01\AppData\Local\Programs\Python\Python37;C:\Users\lizhenxi01\AppData\Local\Programs\Python\Python37\Scripts;C:\Program Files (x86)\GnuWin32\bin;E:\Software;C:\Program Files (x86)\Graphviz2.38\bin;C:\Program Files\nodejs\;C:\Go\bin;C:\Program Files\Intel\WiFi\bin\;C:\Program Files\Common Files\Intel\WirelessCommon\;C:\WINDOWS\System32\OpenSSH\;C:\PROGRA~2\Groovy\GROOVY~1.16\bin;C:\Users\lizhenxi01\AppData\Local\Microsoft\WindowsApps;;C:\Users\lizhenxi01\AppData\Local\Programs\Fiddler;C:\Users\lizhenxi01\AppData\Local\Programs\Microsoft VS Code\bin;C:\Users\lizhenxi01\AppData\Roaming\npm;C:\Users\lizhenxi01\go\bin;C:\Users\lizhenxi01\AppData\Local\Microsoft\WindowsApps;.]
2019-02-26 17:04:37.482  INFO 21144 --- [main] o.a.c.c.C.[Tomcat].[localhost].[/]       : Initializing Spring embedded WebApplicationContext
2019-02-26 17:04:37.482  INFO 21144 --- [main] o.s.web.context.ContextLoader            : Root WebApplicationContext: initialization completed in 2593 ms
2019-02-26 17:04:38.628  INFO 21144 --- [main] o.s.s.concurrent.ThreadPoolTaskExecutor  : Initializing ExecutorService 'applicationTaskExecutor'
2019-02-26 17:04:39.251  INFO 21144 --- [main] o.s.b.w.embedded.tomcat.TomcatWebServer  : Tomcat started on port(s): 8329 (http) with context path ''
2019-02-26 17:04:39.256  INFO 21144 --- [main] c.d.anymock.web.runner.AnyMockWebRunner  : Started AnyMockWebRunner in 5.551 seconds (JVM running for 8.427)
